2025-10-25 00:34:59.545 [http-nio-8080-exec-7] INFO  com.victor.iatms.aspect.WebLogAspect - ================ HTTP Request Start ================
2025-10-25 00:34:59.571 [http-nio-8080-exec-7] INFO  com.victor.iatms.aspect.WebLogAspect - Request ID    : 850bda0a29254659
2025-10-25 00:34:59.571 [http-nio-8080-exec-7] INFO  com.victor.iatms.aspect.WebLogAspect - URL           : http://localhost:8080/api/modules
2025-10-25 00:34:59.571 [http-nio-8080-exec-7] INFO  com.victor.iatms.aspect.WebLogAspect - URI           : /api/modules
2025-10-25 00:34:59.572 [http-nio-8080-exec-7] INFO  com.victor.iatms.aspect.WebLogAspect - HTTP Method   : POST
2025-10-25 00:34:59.572 [http-nio-8080-exec-7] INFO  com.victor.iatms.aspect.WebLogAspect - IP Address    : 0:0:0:0:0:0:0:1
2025-10-25 00:34:59.572 [http-nio-8080-exec-7] INFO  com.victor.iatms.aspect.WebLogAspect - Class Method  : com.victor.iatms.controller.ModuleController.createModule
2025-10-25 00:34:59.572 [http-nio-8080-exec-7] INFO  com.victor.iatms.aspect.WebLogAspect - Content-Type  : application/json
2025-10-25 00:34:59.572 [http-nio-8080-exec-7] INFO  com.victor.iatms.aspect.WebLogAspect - Request Headers:
2025-10-25 00:34:59.572 [http-nio-8080-exec-7] INFO  com.victor.iatms.aspect.WebLogAspect -   Authorization : Bearer eyJhbGciOi...fLxZGQjq8A
2025-10-25 00:34:59.572 [http-nio-8080-exec-7] INFO  com.victor.iatms.aspect.WebLogAspect -   Content-Type : application/json
2025-10-25 00:34:59.572 [http-nio-8080-exec-7] INFO  com.victor.iatms.aspect.WebLogAspect -   Accept : application/json, text/plain, */*
2025-10-25 00:34:59.572 [http-nio-8080-exec-7] INFO  com.victor.iatms.aspect.WebLogAspect -   Origin : http://localhost:5173
2025-10-25 00:34:59.572 [http-nio-8080-exec-7] INFO  com.victor.iatms.aspect.WebLogAspect -   Referer : http://localhost:5173/cases
2025-10-25 00:34:59.572 [http-nio-8080-exec-7] INFO  com.victor.iatms.aspect.WebLogAspect - Method Arguments:
2025-10-25 00:34:59.572 [http-nio-8080-exec-7] INFO  com.victor.iatms.aspect.WebLogAspect -   createModuleDTO : {"projectId":1,"name":"test","description":"","sortOrder":0,"status":"active","tags":[]}
2025-10-25 00:34:59.573 [http-nio-8080-exec-7] INFO  com.victor.iatms.aspect.WebLogAspect - User-Agent    : Mozilla/5.0 (Windows NT 10.0; Win64; x64) AppleWebKit/537.36 (KHTML, like Gecko) Chrome/141.0.0.0 Safari/537.36 Edg/141.0.0.0
2025-10-25 00:34:59.573 [http-nio-8080-exec-7] INFO  com.victor.iatms.aspect.WebLogAspect - ====================================================
2025-10-25 00:34:59.573 [http-nio-8080-exec-7] INFO  com.victor.iatms.aspect.WebLogAspect - ================ HTTP Response Start ===============
2025-10-25 00:34:59.573 [http-nio-8080-exec-7] INFO  com.victor.iatms.aspect.WebLogAspect - Request ID    : 850bda0a29254659
2025-10-25 00:34:59.573 [http-nio-8080-exec-7] INFO  com.victor.iatms.aspect.WebLogAspect - Success       : true
2025-10-25 00:34:59.573 [http-nio-8080-exec-7] INFO  com.victor.iatms.aspect.WebLogAspect - Execution Time: 35 ms
2025-10-25 00:34:59.574 [http-nio-8080-exec-7] INFO  com.victor.iatms.aspect.WebLogAspect - Response      : {"code":-3,"msg":"模块编码不能为空"}
2025-10-25 00:34:59.575 [http-nio-8080-exec-7] INFO  com.victor.iatms.aspect.WebLogAspect - ====================================================
2025-10-25 00:34:59.608 [http-nio-8080-exec-10] INFO  com.victor.iatms.aspect.WebLogAspect - ================ HTTP Request Start ================
2025-10-25 00:34:59.608 [http-nio-8080-exec-10] INFO  com.victor.iatms.aspect.WebLogAspect - Request ID    : 2c2ffe76d0424203
2025-10-25 00:34:59.608 [http-nio-8080-exec-10] INFO  com.victor.iatms.aspect.WebLogAspect - URL           : http://localhost:8080/api/projects
2025-10-25 00:34:59.608 [http-nio-8080-exec-10] INFO  com.victor.iatms.aspect.WebLogAspect - URI           : /api/projects
2025-10-25 00:34:59.608 [http-nio-8080-exec-10] INFO  com.victor.iatms.aspect.WebLogAspect - HTTP Method   : GET
2025-10-25 00:34:59.608 [http-nio-8080-exec-10] INFO  com.victor.iatms.aspect.WebLogAspect - IP Address    : 0:0:0:0:0:0:0:1
2025-10-25 00:34:59.608 [http-nio-8080-exec-10] INFO  com.victor.iatms.aspect.WebLogAspect - Class Method  : com.victor.iatms.controller.ProjectController.getProjectList
2025-10-25 00:34:59.609 [http-nio-8080-exec-10] INFO  com.victor.iatms.aspect.WebLogAspect - Content-Type  : null
2025-10-25 00:34:59.609 [http-nio-8080-exec-10] INFO  com.victor.iatms.aspect.WebLogAspect - Request Headers:
2025-10-25 00:34:59.609 [http-nio-8080-exec-10] INFO  com.victor.iatms.aspect.WebLogAspect -   Authorization : Bearer eyJhbGciOi...fLxZGQjq8A
2025-10-25 00:34:59.609 [http-nio-8080-exec-10] INFO  com.victor.iatms.aspect.WebLogAspect -   Accept : application/json, text/plain, */*
2025-10-25 00:34:59.609 [http-nio-8080-exec-10] INFO  com.victor.iatms.aspect.WebLogAspect -   Referer : http://localhost:5173/cases
2025-10-25 00:34:59.609 [http-nio-8080-exec-10] INFO  com.victor.iatms.aspect.WebLogAspect - Query Parameters:
2025-10-25 00:34:59.609 [http-nio-8080-exec-10] INFO  com.victor.iatms.aspect.WebLogAspect -   page : 1
2025-10-25 00:34:59.609 [http-nio-8080-exec-10] INFO  com.victor.iatms.aspect.WebLogAspect -   page_size : 100
2025-10-25 00:34:59.609 [http-nio-8080-exec-10] INFO  com.victor.iatms.aspect.WebLogAspect - Method Arguments:
2025-10-25 00:34:59.609 [http-nio-8080-exec-10] INFO  com.victor.iatms.aspect.WebLogAspect -   name : null
2025-10-25 00:34:59.609 [http-nio-8080-exec-10] INFO  com.victor.iatms.aspect.WebLogAspect -   creatorId : null
2025-10-25 00:34:59.609 [http-nio-8080-exec-10] INFO  com.victor.iatms.aspect.WebLogAspect -   includeDeleted : false
2025-10-25 00:34:59.609 [http-nio-8080-exec-10] INFO  com.victor.iatms.aspect.WebLogAspect -   sortBy : "created_at"
2025-10-25 00:34:59.609 [http-nio-8080-exec-10] INFO  com.victor.iatms.aspect.WebLogAspect -   sortOrder : "desc"
2025-10-25 00:34:59.609 [http-nio-8080-exec-10] INFO  com.victor.iatms.aspect.WebLogAspect -   page : 1
2025-10-25 00:34:59.609 [http-nio-8080-exec-10] INFO  com.victor.iatms.aspect.WebLogAspect -   pageSize : 100
2025-10-25 00:34:59.609 [http-nio-8080-exec-10] INFO  com.victor.iatms.aspect.WebLogAspect - User-Agent    : Mozilla/5.0 (Windows NT 10.0; Win64; x64) AppleWebKit/537.36 (KHTML, like Gecko) Chrome/141.0.0.0 Safari/537.36 Edg/141.0.0.0
2025-10-25 00:34:59.609 [http-nio-8080-exec-10] INFO  com.victor.iatms.aspect.WebLogAspect - ====================================================
2025-10-25 00:34:59.610 [http-nio-8080-exec-10] DEBUG o.springframework.jdbc.datasource.DataSourceUtils - Fetching JDBC Connection from DataSource
2025-10-25 00:34:59.623 [http-nio-8080-exec-10] DEBUG o.springframework.jdbc.datasource.DataSourceUtils - Fetching JDBC Connection from DataSource
2025-10-25 00:34:59.625 [http-nio-8080-exec-10] INFO  com.victor.iatms.aspect.WebLogAspect - ================ HTTP Response Start ===============
2025-10-25 00:34:59.625 [http-nio-8080-exec-10] INFO  com.victor.iatms.aspect.WebLogAspect - Request ID    : 2c2ffe76d0424203
2025-10-25 00:34:59.625 [http-nio-8080-exec-10] INFO  com.victor.iatms.aspect.WebLogAspect - Success       : true
2025-10-25 00:34:59.626 [http-nio-8080-exec-10] INFO  com.victor.iatms.aspect.WebLogAspect - Execution Time: 17 ms
2025-10-25 00:34:59.626 [http-nio-8080-exec-10] INFO  com.victor.iatms.aspect.WebLogAspect - Response      : {"code":1,"msg":"查询成功","data":{"total":20,"items":[{"projectId":1,"name":"PAMC Exchange Platform","description":"PAMC加密货币交易平台，提供现货交易、模拟交易等功能","creatorInfo":{"userId":1,"name":"系统管理员","avatarUrl":"https://avatar.example.com/admin.jpg"},"createdAt":"2025-10-19T10:38:36","updatedAt":"2025-10-19T10:38:36","isDeleted":false},{"projectId":2,"name":"API Test Automation Framework","description":"API自动化测试框架项目","creatorInfo":{"userId":7,"name":"赵敏","avatarUrl":"https://avatar.example.com/zhao.jpg"},"createdAt":"2025-10-19T10:38:36","updatedAt":"2025-10-19T10:38:36","isDeleted":false},{"projectId":3,"name":"Mobile App Testing","description":"移动端应用测试项目","creatorInfo":{"userId":7,"name":"赵敏","avatarUrl":"https://avatar.example.com/zhao.jpg"},"createdAt":"2025-10-19T10:38:36","updatedAt":"2025-10-19T10:38:36","isDeleted":false},{"projectId":4,"name":"用户中心升级","description":"用户认证、授权、个人信息管理系统的升级改造","creatorInfo":{"userId":4,"name":"王芳","avatarUrl":"https://avatar.example.com/wang.jpg"},"createdAt":"202 ... (truncated, total 4952 chars)
2025-10-25 00:34:59.626 [http-nio-8080-exec-10] INFO  com.victor.iatms.aspect.WebLogAspect - ====================================================
2025-10-25 00:35:01.147 [http-nio-8080-exec-9] INFO  com.victor.iatms.aspect.WebLogAspect - ================ HTTP Request Start ================
2025-10-25 00:35:01.147 [http-nio-8080-exec-9] INFO  com.victor.iatms.aspect.WebLogAspect - Request ID    : 752af9ec33cd4d1f
2025-10-25 00:35:01.147 [http-nio-8080-exec-9] INFO  com.victor.iatms.aspect.WebLogAspect - URL           : http://localhost:8080/api/projects/1/statistics
2025-10-25 00:35:01.147 [http-nio-8080-exec-9] INFO  com.victor.iatms.aspect.WebLogAspect - URI           : /api/projects/1/statistics
2025-10-25 00:35:01.147 [http-nio-8080-exec-9] INFO  com.victor.iatms.aspect.WebLogAspect - HTTP Method   : GET
2025-10-25 00:35:01.147 [http-nio-8080-exec-9] INFO  com.victor.iatms.aspect.WebLogAspect - IP Address    : 0:0:0:0:0:0:0:1
2025-10-25 00:35:01.148 [http-nio-8080-exec-9] INFO  com.victor.iatms.aspect.WebLogAspect - Class Method  : com.victor.iatms.controller.ProjectController.getProjectStatistics
2025-10-25 00:35:01.148 [http-nio-8080-exec-3] INFO  com.victor.iatms.aspect.WebLogAspect - ================ HTTP Request Start ================
2025-10-25 00:35:01.148 [http-nio-8080-exec-9] INFO  com.victor.iatms.aspect.WebLogAspect - Content-Type  : null
2025-10-25 00:35:01.148 [http-nio-8080-exec-3] INFO  com.victor.iatms.aspect.WebLogAspect - Request ID    : d98c6d0e78254701
2025-10-25 00:35:01.148 [http-nio-8080-exec-3] INFO  com.victor.iatms.aspect.WebLogAspect - URL           : http://localhost:8080/api/projects/1/modules
2025-10-25 00:35:01.148 [http-nio-8080-exec-9] INFO  com.victor.iatms.aspect.WebLogAspect - Request Headers:
2025-10-25 00:35:01.148 [http-nio-8080-exec-3] INFO  com.victor.iatms.aspect.WebLogAspect - URI           : /api/projects/1/modules
2025-10-25 00:35:01.148 [http-nio-8080-exec-9] INFO  com.victor.iatms.aspect.WebLogAspect -   Authorization : Bearer eyJhbGciOi...fLxZGQjq8A
2025-10-25 00:35:01.148 [http-nio-8080-exec-3] INFO  com.victor.iatms.aspect.WebLogAspect - HTTP Method   : GET
2025-10-25 00:35:01.148 [http-nio-8080-exec-9] INFO  com.victor.iatms.aspect.WebLogAspect -   Accept : application/json, text/plain, */*
2025-10-25 00:35:01.148 [http-nio-8080-exec-3] INFO  com.victor.iatms.aspect.WebLogAspect - IP Address    : 0:0:0:0:0:0:0:1
2025-10-25 00:35:01.148 [http-nio-8080-exec-9] INFO  com.victor.iatms.aspect.WebLogAspect -   Referer : http://localhost:5173/cases
2025-10-25 00:35:01.148 [http-nio-8080-exec-3] INFO  com.victor.iatms.aspect.WebLogAspect - Class Method  : com.victor.iatms.controller.ProjectController.getModuleList
2025-10-25 00:35:01.148 [http-nio-8080-exec-9] INFO  com.victor.iatms.aspect.WebLogAspect - Method Arguments:
2025-10-25 00:35:01.148 [http-nio-8080-exec-3] INFO  com.victor.iatms.aspect.WebLogAspect - Content-Type  : null
2025-10-25 00:35:01.148 [http-nio-8080-exec-9] INFO  com.victor.iatms.aspect.WebLogAspect -   projectId : 1
2025-10-25 00:35:01.148 [http-nio-8080-exec-3] INFO  com.victor.iatms.aspect.WebLogAspect - Request Headers:
2025-10-25 00:35:01.148 [http-nio-8080-exec-9] INFO  com.victor.iatms.aspect.WebLogAspect - User-Agent    : Mozilla/5.0 (Windows NT 10.0; Win64; x64) AppleWebKit/537.36 (KHTML, like Gecko) Chrome/141.0.0.0 Safari/537.36 Edg/141.0.0.0
2025-10-25 00:35:01.148 [http-nio-8080-exec-3] INFO  com.victor.iatms.aspect.WebLogAspect -   Authorization : Bearer eyJhbGciOi...fLxZGQjq8A
2025-10-25 00:35:01.148 [http-nio-8080-exec-9] INFO  com.victor.iatms.aspect.WebLogAspect - ====================================================
2025-10-25 00:35:01.148 [http-nio-8080-exec-3] INFO  com.victor.iatms.aspect.WebLogAspect -   Accept : application/json, text/plain, */*
2025-10-25 00:35:01.148 [http-nio-8080-exec-3] INFO  com.victor.iatms.aspect.WebLogAspect -   Referer : http://localhost:5173/cases
2025-10-25 00:35:01.150 [http-nio-8080-exec-3] INFO  com.victor.iatms.aspect.WebLogAspect - Query Parameters:
2025-10-25 00:35:01.150 [http-nio-8080-exec-3] INFO  com.victor.iatms.aspect.WebLogAspect -   structure : tree
2025-10-25 00:35:01.150 [http-nio-8080-exec-3] INFO  com.victor.iatms.aspect.WebLogAspect -   status : active
2025-10-25 00:35:01.150 [http-nio-8080-exec-3] INFO  com.victor.iatms.aspect.WebLogAspect -   include_deleted : false
2025-10-25 00:35:01.150 [http-nio-8080-exec-3] INFO  com.victor.iatms.aspect.WebLogAspect -   include_statistics : true
2025-10-25 00:35:01.150 [http-nio-8080-exec-9] DEBUG o.springframework.jdbc.datasource.DataSourceUtils - Fetching JDBC Connection from DataSource
2025-10-25 00:35:01.150 [http-nio-8080-exec-3] INFO  com.victor.iatms.aspect.WebLogAspect -   sort_by : sort_order
2025-10-25 00:35:01.150 [http-nio-8080-exec-3] INFO  com.victor.iatms.aspect.WebLogAspect -   sort_order : asc
2025-10-25 00:35:01.150 [http-nio-8080-exec-3] INFO  com.victor.iatms.aspect.WebLogAspect - Method Arguments:
2025-10-25 00:35:01.150 [http-nio-8080-exec-3] INFO  com.victor.iatms.aspect.WebLogAspect -   projectId : 1
2025-10-25 00:35:01.150 [http-nio-8080-exec-3] INFO  com.victor.iatms.aspect.WebLogAspect -   structure : "tree"
2025-10-25 00:35:01.150 [http-nio-8080-exec-3] INFO  com.victor.iatms.aspect.WebLogAspect -   status : "active"
2025-10-25 00:35:01.150 [http-nio-8080-exec-3] INFO  com.victor.iatms.aspect.WebLogAspect -   includeDeleted : false
2025-10-25 00:35:01.150 [http-nio-8080-exec-3] INFO  com.victor.iatms.aspect.WebLogAspect -   includeStatistics : true
2025-10-25 00:35:01.150 [http-nio-8080-exec-3] INFO  com.victor.iatms.aspect.WebLogAspect -   searchKeyword : null
2025-10-25 00:35:01.150 [http-nio-8080-exec-3] INFO  com.victor.iatms.aspect.WebLogAspect -   sortBy : "sort_order"
2025-10-25 00:35:01.150 [http-nio-8080-exec-3] INFO  com.victor.iatms.aspect.WebLogAspect -   sortOrder : "asc"
2025-10-25 00:35:01.150 [http-nio-8080-exec-3] INFO  com.victor.iatms.aspect.WebLogAspect - User-Agent    : Mozilla/5.0 (Windows NT 10.0; Win64; x64) AppleWebKit/537.36 (KHTML, like Gecko) Chrome/141.0.0.0 Safari/537.36 Edg/141.0.0.0
2025-10-25 00:35:01.150 [http-nio-8080-exec-3] INFO  com.victor.iatms.aspect.WebLogAspect - ====================================================
2025-10-25 00:35:01.151 [http-nio-8080-exec-3] DEBUG o.springframework.jdbc.datasource.DataSourceUtils - Fetching JDBC Connection from DataSource
2025-10-25 00:35:01.152 [http-nio-8080-exec-9] DEBUG o.springframework.jdbc.datasource.DataSourceUtils - Fetching JDBC Connection from DataSource
2025-10-25 00:35:01.154 [http-nio-8080-exec-3] DEBUG o.springframework.jdbc.datasource.DataSourceUtils - Fetching JDBC Connection from DataSource
2025-10-25 00:35:01.156 [http-nio-8080-exec-9] DEBUG o.springframework.jdbc.datasource.DataSourceUtils - Fetching JDBC Connection from DataSource
2025-10-25 00:35:01.158 [http-nio-8080-exec-9] DEBUG o.springframework.jdbc.datasource.DataSourceUtils - Fetching JDBC Connection from DataSource
2025-10-25 00:35:01.161 [http-nio-8080-exec-9] DEBUG o.springframework.jdbc.datasource.DataSourceUtils - Fetching JDBC Connection from DataSource
2025-10-25 00:35:01.162 [http-nio-8080-exec-3] DEBUG o.springframework.jdbc.datasource.DataSourceUtils - Fetching JDBC Connection from DataSource
2025-10-25 00:35:01.164 [http-nio-8080-exec-3] INFO  com.victor.iatms.aspect.WebLogAspect - ================ HTTP Response Start ===============
2025-10-25 00:35:01.164 [http-nio-8080-exec-3] INFO  com.victor.iatms.aspect.WebLogAspect - Request ID    : d98c6d0e78254701
2025-10-25 00:35:01.164 [http-nio-8080-exec-3] INFO  com.victor.iatms.aspect.WebLogAspect - Success       : true
2025-10-25 00:35:01.164 [http-nio-8080-exec-3] INFO  com.victor.iatms.aspect.WebLogAspect - Execution Time: 17 ms
2025-10-25 00:35:01.164 [http-nio-8080-exec-3] INFO  com.victor.iatms.aspect.WebLogAspect - Response      : {"code":1,"msg":"查询模块列表成功","data":{"projectId":1,"projectName":"PAMC Exchange Platform","totalModules":14,"modules":[{"moduleId":1,"moduleCode":"AUTH","projectId":1,"name":"认证模块","description":"用户认证和授权相关接口","sortOrder":1,"status":"active","ownerInfo":{"userId":3,"name":"李明","avatarUrl":"https://avatar.example.com/li.jpg"},"creatorName":"系统管理员","createdAt":"2025-10-19T10:39:36","updatedAt":"2025-10-19T10:39:36","isDeleted":false,"apiCount":5,"caseCount":8,"children":[]},{"moduleId":2,"moduleCode":"USER","projectId":1,"name":"用户模块","description":"用户信息管理相关接口","sortOrder":2,"status":"active","ownerInfo":{"userId":3,"name":"李明","avatarUrl":"https://avatar.example.com/li.jpg"},"creatorName":"系统管理员","createdAt":"2025-10-19T10:39:36","updatedAt":"2025-10-19T10:39:36","isDeleted":false,"apiCount":5,"caseCount":2,"children":[]},{"moduleId":3,"moduleCode":"TRADING","projectId":1,"name":"交易模块","description":"交易相关接口","sortOrder":3,"status":"active","ownerInfo":{"userId":4,"name":"王芳","avatarUrl":"h ... (truncated, total 5174 chars)
2025-10-25 00:35:01.165 [http-nio-8080-exec-3] INFO  com.victor.iatms.aspect.WebLogAspect - ====================================================
2025-10-25 00:35:01.166 [http-nio-8080-exec-9] DEBUG o.springframework.jdbc.datasource.DataSourceUtils - Fetching JDBC Connection from DataSource
2025-10-25 00:35:01.168 [http-nio-8080-exec-9] DEBUG o.springframework.jdbc.datasource.DataSourceUtils - Fetching JDBC Connection from DataSource
2025-10-25 00:35:01.171 [http-nio-8080-exec-9] DEBUG o.springframework.jdbc.datasource.DataSourceUtils - Fetching JDBC Connection from DataSource
2025-10-25 00:35:01.174 [http-nio-8080-exec-9] DEBUG o.springframework.jdbc.datasource.DataSourceUtils - Fetching JDBC Connection from DataSource
2025-10-25 00:35:01.187 [http-nio-8080-exec-9] DEBUG o.springframework.jdbc.datasource.DataSourceUtils - Fetching JDBC Connection from DataSource
2025-10-25 00:35:01.189 [http-nio-8080-exec-9] INFO  com.victor.iatms.aspect.WebLogAspect - ================ HTTP Response Start ===============
2025-10-25 00:35:01.190 [http-nio-8080-exec-9] INFO  com.victor.iatms.aspect.WebLogAspect - Request ID    : 752af9ec33cd4d1f
2025-10-25 00:35:01.190 [http-nio-8080-exec-9] INFO  com.victor.iatms.aspect.WebLogAspect - Success       : true
2025-10-25 00:35:01.190 [http-nio-8080-exec-9] INFO  com.victor.iatms.aspect.WebLogAspect - Execution Time: 42 ms
2025-10-25 00:35:01.190 [http-nio-8080-exec-9] INFO  com.victor.iatms.aspect.WebLogAspect - Response      : {"code":1,"msg":"查询项目统计数据成功","data":{"projectId":1,"projectName":"PAMC Exchange Platform","moduleCount":14,"testCaseCount":32,"passedCount":133,"failedCount":99,"notExecutedCount":0,"apiCount":40,"executionRecordCount":0,"testReportCount":173,"memberCount":13,"passRate":57.33,"createdAt":"2025-10-19 10:38:36","updatedAt":"2025-10-19 10:38:36"}}
2025-10-25 00:35:01.190 [http-nio-8080-exec-9] INFO  com.victor.iatms.aspect.WebLogAspect - ====================================================
2025-10-25 00:56:47.507 [SpringApplicationShutdownHook] INFO  org.quartz.core.QuartzScheduler - Scheduler quartzScheduler_$_NON_CLUSTERED paused.
2025-10-25 00:56:47.511 [SpringApplicationShutdownHook] INFO  o.s.boot.web.embedded.tomcat.GracefulShutdown - Commencing graceful shutdown. Waiting for active requests to complete
2025-10-25 00:56:47.728 [tomcat-shutdown] INFO  o.s.boot.web.embedded.tomcat.GracefulShutdown - Graceful shutdown complete
2025-10-25 00:56:47.781 [SpringApplicationShutdownHook] INFO  o.s.scheduling.quartz.SchedulerFactoryBean - Shutting down Quartz Scheduler
2025-10-25 00:56:47.782 [SpringApplicationShutdownHook] INFO  org.quartz.core.QuartzScheduler - Scheduler quartzScheduler_$_NON_CLUSTERED shutting down.
2025-10-25 00:56:47.782 [SpringApplicationShutdownHook] INFO  org.quartz.core.QuartzScheduler - Scheduler quartzScheduler_$_NON_CLUSTERED paused.
2025-10-25 00:56:47.782 [SpringApplicationShutdownHook] INFO  org.quartz.core.QuartzScheduler - Scheduler quartzScheduler_$_NON_CLUSTERED shutdown complete.
2025-10-25 00:56:47.816 [SpringApplicationShutdownHook] INFO  com.zaxxer.hikari.HikariDataSource - HikariPool-1 - Shutdown initiated...
2025-10-25 00:56:47.824 [SpringApplicationShutdownHook] INFO  com.zaxxer.hikari.HikariDataSource - HikariPool-1 - Shutdown completed.
