2026-02-25 14:30:55.924 [http-nio-8080-exec-7] DEBUG c.v.iatms.mappers.ProjectMapper.selectProjectList - ==>  Preparing: SELECT p.project_id, p.name, p.description, p.project_code, p.project_type, p.status, p.avatar_url, p.created_at, p.updated_at, p.is_deleted, p.deleted_at, u.user_id AS creator_id, u.name AS creator_name, u.avatar_url AS creator_avatar_url FROM Projects p LEFT JOIN Users u ON p.creator_id = u.user_id WHERE p.is_deleted = FALSE ORDER BY p.created_at DESC LIMIT ? OFFSET ?
2026-02-25 14:30:55.957 [http-nio-8080-exec-7] DEBUG c.v.iatms.mappers.ProjectMapper.selectProjectList - ==> Parameters: 10(Integer), 0(Integer)
2026-02-25 14:30:56.005 [http-nio-8080-exec-7] DEBUG c.v.iatms.mappers.ProjectMapper.selectProjectList - <==      Total: 10
2026-02-25 14:30:56.009 [http-nio-8080-exec-7] DEBUG c.victor.iatms.mappers.ProjectMapper.countProjects - ==>  Preparing: SELECT COUNT(*) FROM Projects p WHERE p.is_deleted = FALSE
2026-02-25 14:30:56.010 [http-nio-8080-exec-7] DEBUG c.victor.iatms.mappers.ProjectMapper.countProjects - ==> Parameters: 
2026-02-25 14:30:56.015 [http-nio-8080-exec-7] DEBUG c.victor.iatms.mappers.ProjectMapper.countProjects - <==      Total: 1
2026-02-25 14:44:09.735 [http-nio-8080-exec-4] DEBUG c.v.iatms.mappers.ProjectMapper.selectProjectList - ==>  Preparing: SELECT p.project_id, p.name, p.description, p.project_code, p.project_type, p.status, p.avatar_url, p.created_at, p.updated_at, p.is_deleted, p.deleted_at, u.user_id AS creator_id, u.name AS creator_name, u.avatar_url AS creator_avatar_url FROM Projects p LEFT JOIN Users u ON p.creator_id = u.user_id WHERE p.is_deleted = FALSE ORDER BY p.created_at DESC LIMIT ? OFFSET ?
2026-02-25 14:44:09.758 [http-nio-8080-exec-4] DEBUG c.v.iatms.mappers.ProjectMapper.selectProjectList - ==> Parameters: 10(Integer), 0(Integer)
2026-02-25 14:44:09.796 [http-nio-8080-exec-4] DEBUG c.v.iatms.mappers.ProjectMapper.selectProjectList - <==      Total: 10
2026-02-25 14:44:09.798 [http-nio-8080-exec-4] DEBUG c.victor.iatms.mappers.ProjectMapper.countProjects - ==>  Preparing: SELECT COUNT(*) FROM Projects p WHERE p.is_deleted = FALSE
2026-02-25 14:44:09.798 [http-nio-8080-exec-4] DEBUG c.victor.iatms.mappers.ProjectMapper.countProjects - ==> Parameters: 
2026-02-25 14:44:09.802 [http-nio-8080-exec-4] DEBUG c.victor.iatms.mappers.ProjectMapper.countProjects - <==      Total: 1
2026-02-25 14:44:17.130 [http-nio-8080-exec-2] DEBUG c.v.iatms.mappers.ProjectMapper.selectProjectList - ==>  Preparing: SELECT p.project_id, p.name, p.description, p.project_code, p.project_type, p.status, p.avatar_url, p.created_at, p.updated_at, p.is_deleted, p.deleted_at, u.user_id AS creator_id, u.name AS creator_name, u.avatar_url AS creator_avatar_url FROM Projects p LEFT JOIN Users u ON p.creator_id = u.user_id WHERE p.is_deleted = FALSE ORDER BY p.created_at DESC LIMIT ? OFFSET ?
2026-02-25 14:44:17.130 [http-nio-8080-exec-2] DEBUG c.v.iatms.mappers.ProjectMapper.selectProjectList - ==> Parameters: 10(Integer), 0(Integer)
2026-02-25 14:44:17.146 [http-nio-8080-exec-2] DEBUG c.v.iatms.mappers.ProjectMapper.selectProjectList - <==      Total: 10
2026-02-25 14:44:17.149 [http-nio-8080-exec-2] DEBUG c.victor.iatms.mappers.ProjectMapper.countProjects - ==>  Preparing: SELECT COUNT(*) FROM Projects p WHERE p.is_deleted = FALSE
2026-02-25 14:44:17.149 [http-nio-8080-exec-2] DEBUG c.victor.iatms.mappers.ProjectMapper.countProjects - ==> Parameters: 
2026-02-25 14:44:17.150 [http-nio-8080-exec-2] DEBUG c.victor.iatms.mappers.ProjectMapper.countProjects - <==      Total: 1
2026-02-25 14:45:18.031 [http-nio-8080-exec-8] DEBUG c.v.iatms.mappers.ProjectMapper.selectProjectList - ==>  Preparing: SELECT p.project_id, p.name, p.description, p.project_code, p.project_type, p.status, p.avatar_url, p.created_at, p.updated_at, p.is_deleted, p.deleted_at, u.user_id AS creator_id, u.name AS creator_name, u.avatar_url AS creator_avatar_url FROM Projects p LEFT JOIN Users u ON p.creator_id = u.user_id WHERE p.is_deleted = FALSE ORDER BY p.created_at DESC LIMIT ? OFFSET ?
2026-02-25 14:45:18.032 [http-nio-8080-exec-8] DEBUG c.v.iatms.mappers.ProjectMapper.selectProjectList - ==> Parameters: 10(Integer), 0(Integer)
2026-02-25 14:45:18.038 [http-nio-8080-exec-8] DEBUG c.v.iatms.mappers.ProjectMapper.selectProjectList - <==      Total: 10
2026-02-25 14:45:18.041 [http-nio-8080-exec-8] DEBUG c.victor.iatms.mappers.ProjectMapper.countProjects - ==>  Preparing: SELECT COUNT(*) FROM Projects p WHERE p.is_deleted = FALSE
2026-02-25 14:45:18.041 [http-nio-8080-exec-8] DEBUG c.victor.iatms.mappers.ProjectMapper.countProjects - ==> Parameters: 
2026-02-25 14:45:18.043 [http-nio-8080-exec-8] DEBUG c.victor.iatms.mappers.ProjectMapper.countProjects - <==      Total: 1
2026-02-25 14:45:26.202 [http-nio-8080-exec-3] DEBUG c.v.iatms.mappers.ProjectMapper.selectProjectList - ==>  Preparing: SELECT p.project_id, p.name, p.description, p.project_code, p.project_type, p.status, p.avatar_url, p.created_at, p.updated_at, p.is_deleted, p.deleted_at, u.user_id AS creator_id, u.name AS creator_name, u.avatar_url AS creator_avatar_url FROM Projects p LEFT JOIN Users u ON p.creator_id = u.user_id WHERE p.is_deleted = FALSE ORDER BY p.created_at DESC LIMIT ? OFFSET ?
2026-02-25 14:45:26.203 [http-nio-8080-exec-3] DEBUG c.v.iatms.mappers.ProjectMapper.selectProjectList - ==> Parameters: 10(Integer), 0(Integer)
2026-02-25 14:45:26.212 [http-nio-8080-exec-3] DEBUG c.v.iatms.mappers.ProjectMapper.selectProjectList - <==      Total: 10
2026-02-25 14:45:26.214 [http-nio-8080-exec-3] DEBUG c.victor.iatms.mappers.ProjectMapper.countProjects - ==>  Preparing: SELECT COUNT(*) FROM Projects p WHERE p.is_deleted = FALSE
2026-02-25 14:45:26.214 [http-nio-8080-exec-3] DEBUG c.victor.iatms.mappers.ProjectMapper.countProjects - ==> Parameters: 
2026-02-25 14:45:26.215 [http-nio-8080-exec-3] DEBUG c.victor.iatms.mappers.ProjectMapper.countProjects - <==      Total: 1
2026-02-25 14:45:48.132 [http-nio-8080-exec-9] DEBUG c.v.iatms.mappers.ProjectMapper.selectProjectList - ==>  Preparing: SELECT p.project_id, p.name, p.description, p.project_code, p.project_type, p.status, p.avatar_url, p.created_at, p.updated_at, p.is_deleted, p.deleted_at, u.user_id AS creator_id, u.name AS creator_name, u.avatar_url AS creator_avatar_url FROM Projects p LEFT JOIN Users u ON p.creator_id = u.user_id WHERE p.is_deleted = FALSE ORDER BY p.created_at DESC LIMIT ? OFFSET ?
2026-02-25 14:45:48.133 [http-nio-8080-exec-9] DEBUG c.v.iatms.mappers.ProjectMapper.selectProjectList - ==> Parameters: 10(Integer), 0(Integer)
2026-02-25 14:45:48.138 [http-nio-8080-exec-9] DEBUG c.v.iatms.mappers.ProjectMapper.selectProjectList - <==      Total: 10
2026-02-25 14:45:48.142 [http-nio-8080-exec-9] DEBUG c.victor.iatms.mappers.ProjectMapper.countProjects - ==>  Preparing: SELECT COUNT(*) FROM Projects p WHERE p.is_deleted = FALSE
2026-02-25 14:45:48.144 [http-nio-8080-exec-9] DEBUG c.victor.iatms.mappers.ProjectMapper.countProjects - ==> Parameters: 
2026-02-25 14:45:48.145 [http-nio-8080-exec-9] DEBUG c.victor.iatms.mappers.ProjectMapper.countProjects - <==      Total: 1
2026-02-25 14:46:53.949 [http-nio-8080-exec-5] DEBUG c.v.iatms.mappers.ProjectMapper.selectProjectList - ==>  Preparing: SELECT p.project_id, p.name, p.description, p.project_code, p.project_type, p.status, p.avatar_url, p.created_at, p.updated_at, p.is_deleted, p.deleted_at, u.user_id AS creator_id, u.name AS creator_name, u.avatar_url AS creator_avatar_url FROM Projects p LEFT JOIN Users u ON p.creator_id = u.user_id WHERE p.is_deleted = FALSE ORDER BY p.created_at DESC LIMIT ? OFFSET ?
2026-02-25 14:46:53.978 [http-nio-8080-exec-5] DEBUG c.v.iatms.mappers.ProjectMapper.selectProjectList - ==> Parameters: 10(Integer), 0(Integer)
2026-02-25 14:46:54.024 [http-nio-8080-exec-5] DEBUG c.v.iatms.mappers.ProjectMapper.selectProjectList - <==      Total: 10
2026-02-25 14:46:54.034 [http-nio-8080-exec-5] DEBUG c.victor.iatms.mappers.ProjectMapper.countProjects - ==>  Preparing: SELECT COUNT(*) FROM Projects p WHERE p.is_deleted = FALSE
2026-02-25 14:46:54.035 [http-nio-8080-exec-5] DEBUG c.victor.iatms.mappers.ProjectMapper.countProjects - ==> Parameters: 
2026-02-25 14:46:54.037 [http-nio-8080-exec-5] DEBUG c.victor.iatms.mappers.ProjectMapper.countProjects - <==      Total: 1
2026-02-25 14:50:07.774 [http-nio-8080-exec-2] DEBUG c.v.iatms.mappers.ProjectMapper.selectProjectList - ==>  Preparing: SELECT p.project_id, p.name, p.description, p.project_code, p.project_type, p.status, p.avatar_url, p.created_at, p.updated_at, p.is_deleted, p.deleted_at, u.user_id AS creator_id, u.name AS creator_name, u.avatar_url AS creator_avatar_url FROM Projects p LEFT JOIN Users u ON p.creator_id = u.user_id WHERE p.is_deleted = FALSE ORDER BY p.created_at DESC LIMIT ? OFFSET ?
2026-02-25 14:50:07.796 [http-nio-8080-exec-2] DEBUG c.v.iatms.mappers.ProjectMapper.selectProjectList - ==> Parameters: 10(Integer), 0(Integer)
2026-02-25 14:50:07.830 [http-nio-8080-exec-2] DEBUG c.v.iatms.mappers.ProjectMapper.selectProjectList - <==      Total: 10
2026-02-25 14:50:07.833 [http-nio-8080-exec-2] DEBUG c.victor.iatms.mappers.ProjectMapper.countProjects - ==>  Preparing: SELECT COUNT(*) FROM Projects p WHERE p.is_deleted = FALSE
2026-02-25 14:50:07.834 [http-nio-8080-exec-2] DEBUG c.victor.iatms.mappers.ProjectMapper.countProjects - ==> Parameters: 
2026-02-25 14:50:07.835 [http-nio-8080-exec-2] DEBUG c.victor.iatms.mappers.ProjectMapper.countProjects - <==      Total: 1
2026-02-25 14:50:15.320 [http-nio-8080-exec-3] DEBUG c.v.iatms.mappers.ProjectMapper.selectProjectList - ==>  Preparing: SELECT p.project_id, p.name, p.description, p.project_code, p.project_type, p.status, p.avatar_url, p.created_at, p.updated_at, p.is_deleted, p.deleted_at, u.user_id AS creator_id, u.name AS creator_name, u.avatar_url AS creator_avatar_url FROM Projects p LEFT JOIN Users u ON p.creator_id = u.user_id WHERE p.is_deleted = FALSE ORDER BY p.created_at DESC LIMIT ? OFFSET ?
2026-02-25 14:50:15.320 [http-nio-8080-exec-3] DEBUG c.v.iatms.mappers.ProjectMapper.selectProjectList - ==> Parameters: 10(Integer), 0(Integer)
2026-02-25 14:50:15.338 [http-nio-8080-exec-3] DEBUG c.v.iatms.mappers.ProjectMapper.selectProjectList - <==      Total: 10
2026-02-25 14:50:15.340 [http-nio-8080-exec-3] DEBUG c.victor.iatms.mappers.ProjectMapper.countProjects - ==>  Preparing: SELECT COUNT(*) FROM Projects p WHERE p.is_deleted = FALSE
2026-02-25 14:50:15.340 [http-nio-8080-exec-3] DEBUG c.victor.iatms.mappers.ProjectMapper.countProjects - ==> Parameters: 
2026-02-25 14:50:15.342 [http-nio-8080-exec-3] DEBUG c.victor.iatms.mappers.ProjectMapper.countProjects - <==      Total: 1
2026-02-25 14:52:14.507 [http-nio-8080-exec-5] DEBUG c.v.iatms.mappers.UserMapper.selectUserByEmail - ==>  Preparing: SELECT user_id, name, email, avatar_url, phone, password, department_id, employee_id, creator_id, last_login_time, position, description, status, created_at, updated_at, is_deleted, deleted_at, deleted_by FROM Users WHERE email = ? AND is_deleted = FALSE
2026-02-25 14:52:14.508 [http-nio-8080-exec-5] DEBUG c.v.iatms.mappers.UserMapper.selectUserByEmail - ==> Parameters: admin@pamc.com(String)
2026-02-25 14:52:14.514 [http-nio-8080-exec-5] DEBUG c.v.iatms.mappers.UserMapper.selectUserByEmail - <==      Total: 1
2026-02-25 14:52:14.682 [http-nio-8080-exec-5] DEBUG c.v.iatms.mappers.UserMapper.updateLastLoginTime - ==>  Preparing: UPDATE Users SET last_login_time = ? WHERE user_id = ?
2026-02-25 14:52:14.683 [http-nio-8080-exec-5] DEBUG c.v.iatms.mappers.UserMapper.updateLastLoginTime - ==> Parameters: 2026-02-25T14:52:14.679081900(LocalDateTime), 1(Integer)
2026-02-25 14:52:14.694 [http-nio-8080-exec-5] DEBUG c.v.iatms.mappers.UserMapper.updateLastLoginTime - <==    Updates: 1
2026-02-25 14:52:22.356 [http-nio-8080-exec-6] DEBUG c.v.iatms.mappers.ProjectMapper.selectProjectList - ==>  Preparing: SELECT p.project_id, p.name, p.description, p.project_code, p.project_type, p.status, p.avatar_url, p.created_at, p.updated_at, p.is_deleted, p.deleted_at, u.user_id AS creator_id, u.name AS creator_name, u.avatar_url AS creator_avatar_url FROM Projects p LEFT JOIN Users u ON p.creator_id = u.user_id WHERE p.is_deleted = FALSE ORDER BY p.created_at DESC LIMIT ? OFFSET ?
2026-02-25 14:52:22.357 [http-nio-8080-exec-6] DEBUG c.v.iatms.mappers.ProjectMapper.selectProjectList - ==> Parameters: 10(Integer), 0(Integer)
2026-02-25 14:52:22.365 [http-nio-8080-exec-6] DEBUG c.v.iatms.mappers.ProjectMapper.selectProjectList - <==      Total: 10
2026-02-25 14:52:22.367 [http-nio-8080-exec-6] DEBUG c.victor.iatms.mappers.ProjectMapper.countProjects - ==>  Preparing: SELECT COUNT(*) FROM Projects p WHERE p.is_deleted = FALSE
2026-02-25 14:52:22.367 [http-nio-8080-exec-6] DEBUG c.victor.iatms.mappers.ProjectMapper.countProjects - ==> Parameters: 
2026-02-25 14:52:22.369 [http-nio-8080-exec-6] DEBUG c.victor.iatms.mappers.ProjectMapper.countProjects - <==      Total: 1
2026-02-25 14:52:22.405 [http-nio-8080-exec-7] DEBUG c.v.iatms.mappers.ScheduledTaskMapper.selectCount - ==>  Preparing: SELECT COUNT( * ) AS total FROM ScheduledTestTasks WHERE (is_deleted = ? AND created_by = ?)
2026-02-25 14:52:22.406 [http-nio-8080-exec-7] DEBUG c.v.iatms.mappers.ScheduledTaskMapper.selectCount - ==> Parameters: false(Boolean), 1(Integer)
2026-02-25 14:52:22.412 [http-nio-8080-exec-7] DEBUG c.v.iatms.mappers.ScheduledTaskMapper.selectCount - <==      Total: 1
2026-02-25 14:52:22.418 [http-nio-8080-exec-7] DEBUG c.v.iatms.mappers.ScheduledTaskMapper.selectList - ==>  Preparing: SELECT task_id,task_name,description,task_type,target_id,target_name,trigger_type,cron_expression,simple_repeat_interval,simple_repeat_count,daily_hour,daily_minute,weekly_days,monthly_day,execution_environment,base_url,timeout_seconds,concurrency,execution_strategy,retry_enabled,max_retry_attempts,retry_delay_ms,notify_on_success,notify_on_failure,notification_recipients,skip_if_previous_failed,max_duration_seconds,is_enabled,is_deleted,total_executions,successful_executions,failed_executions,skipped_executions,next_trigger_time,last_execution_time,last_execution_status,created_by,created_at,updated_by,updated_at,deleted_by,deleted_at FROM ScheduledTestTasks WHERE (is_deleted = ? AND created_by = ?) ORDER BY created_at DESC LIMIT 10 OFFSET 0
2026-02-25 14:52:22.419 [http-nio-8080-exec-7] DEBUG c.v.iatms.mappers.ScheduledTaskMapper.selectList - ==> Parameters: false(Boolean), 1(Integer)
2026-02-25 14:52:22.424 [http-nio-8080-exec-7] DEBUG c.v.iatms.mappers.ScheduledTaskMapper.selectList - <==      Total: 1
2026-02-25 14:53:21.935 [http-nio-8080-exec-9] DEBUG c.v.iatms.mappers.ProjectMapper.selectProjectList - ==>  Preparing: SELECT p.project_id, p.name, p.description, p.project_code, p.project_type, p.status, p.avatar_url, p.created_at, p.updated_at, p.is_deleted, p.deleted_at, u.user_id AS creator_id, u.name AS creator_name, u.avatar_url AS creator_avatar_url FROM Projects p LEFT JOIN Users u ON p.creator_id = u.user_id WHERE p.is_deleted = FALSE ORDER BY p.created_at DESC LIMIT ? OFFSET ?
2026-02-25 14:53:21.936 [http-nio-8080-exec-9] DEBUG c.v.iatms.mappers.ProjectMapper.selectProjectList - ==> Parameters: 10(Integer), 0(Integer)
2026-02-25 14:53:21.943 [http-nio-8080-exec-10] DEBUG c.v.iatms.mappers.ScheduledTaskMapper.selectCount - ==>  Preparing: SELECT COUNT( * ) AS total FROM ScheduledTestTasks WHERE (is_deleted = ? AND created_by = ?)
2026-02-25 14:53:21.943 [http-nio-8080-exec-9] DEBUG c.v.iatms.mappers.ProjectMapper.selectProjectList - <==      Total: 10
2026-02-25 14:53:21.944 [http-nio-8080-exec-10] DEBUG c.v.iatms.mappers.ScheduledTaskMapper.selectCount - ==> Parameters: false(Boolean), 1(Integer)
2026-02-25 14:53:21.947 [http-nio-8080-exec-9] DEBUG c.victor.iatms.mappers.ProjectMapper.countProjects - ==>  Preparing: SELECT COUNT(*) FROM Projects p WHERE p.is_deleted = FALSE
2026-02-25 14:53:21.947 [http-nio-8080-exec-9] DEBUG c.victor.iatms.mappers.ProjectMapper.countProjects - ==> Parameters: 
2026-02-25 14:53:21.949 [http-nio-8080-exec-9] DEBUG c.victor.iatms.mappers.ProjectMapper.countProjects - <==      Total: 1
2026-02-25 14:53:21.949 [http-nio-8080-exec-10] DEBUG c.v.iatms.mappers.ScheduledTaskMapper.selectCount - <==      Total: 1
2026-02-25 14:53:21.951 [http-nio-8080-exec-10] DEBUG c.v.iatms.mappers.ScheduledTaskMapper.selectList - ==>  Preparing: SELECT task_id,task_name,description,task_type,target_id,target_name,trigger_type,cron_expression,simple_repeat_interval,simple_repeat_count,daily_hour,daily_minute,weekly_days,monthly_day,execution_environment,base_url,timeout_seconds,concurrency,execution_strategy,retry_enabled,max_retry_attempts,retry_delay_ms,notify_on_success,notify_on_failure,notification_recipients,skip_if_previous_failed,max_duration_seconds,is_enabled,is_deleted,total_executions,successful_executions,failed_executions,skipped_executions,next_trigger_time,last_execution_time,last_execution_status,created_by,created_at,updated_by,updated_at,deleted_by,deleted_at FROM ScheduledTestTasks WHERE (is_deleted = ? AND created_by = ?) ORDER BY created_at DESC LIMIT 10 OFFSET 0
2026-02-25 14:53:21.952 [http-nio-8080-exec-10] DEBUG c.v.iatms.mappers.ScheduledTaskMapper.selectList - ==> Parameters: false(Boolean), 1(Integer)
2026-02-25 14:53:21.957 [http-nio-8080-exec-10] DEBUG c.v.iatms.mappers.ScheduledTaskMapper.selectList - <==      Total: 1
2026-02-25 15:05:24.330 [http-nio-8080-exec-8] DEBUG c.v.iatms.mappers.ProjectMapper.selectProjectList - ==>  Preparing: SELECT p.project_id, p.name, p.description, p.project_code, p.project_type, p.status, p.avatar_url, p.created_at, p.updated_at, p.is_deleted, p.deleted_at, u.user_id AS creator_id, u.name AS creator_name, u.avatar_url AS creator_avatar_url FROM Projects p LEFT JOIN Users u ON p.creator_id = u.user_id WHERE p.is_deleted = FALSE ORDER BY p.created_at DESC LIMIT ? OFFSET ?
2026-02-25 15:05:24.331 [http-nio-8080-exec-8] DEBUG c.v.iatms.mappers.ProjectMapper.selectProjectList - ==> Parameters: 10(Integer), 0(Integer)
2026-02-25 15:05:24.338 [http-nio-8080-exec-8] DEBUG c.v.iatms.mappers.ProjectMapper.selectProjectList - <==      Total: 10
2026-02-25 15:05:24.338 [http-nio-8080-exec-2] DEBUG c.v.iatms.mappers.ScheduledTaskMapper.selectCount - ==>  Preparing: SELECT COUNT( * ) AS total FROM ScheduledTestTasks WHERE (is_deleted = ? AND created_by = ?)
2026-02-25 15:05:24.340 [http-nio-8080-exec-2] DEBUG c.v.iatms.mappers.ScheduledTaskMapper.selectCount - ==> Parameters: false(Boolean), 1(Integer)
2026-02-25 15:05:24.341 [http-nio-8080-exec-8] DEBUG c.victor.iatms.mappers.ProjectMapper.countProjects - ==>  Preparing: SELECT COUNT(*) FROM Projects p WHERE p.is_deleted = FALSE
2026-02-25 15:05:24.342 [http-nio-8080-exec-8] DEBUG c.victor.iatms.mappers.ProjectMapper.countProjects - ==> Parameters: 
2026-02-25 15:05:24.343 [http-nio-8080-exec-2] DEBUG c.v.iatms.mappers.ScheduledTaskMapper.selectCount - <==      Total: 1
2026-02-25 15:05:24.348 [http-nio-8080-exec-8] DEBUG c.victor.iatms.mappers.ProjectMapper.countProjects - <==      Total: 1
2026-02-25 15:05:24.350 [http-nio-8080-exec-2] DEBUG c.v.iatms.mappers.ScheduledTaskMapper.selectList - ==>  Preparing: SELECT task_id,task_name,description,task_type,target_id,target_name,trigger_type,cron_expression,simple_repeat_interval,simple_repeat_count,daily_hour,daily_minute,weekly_days,monthly_day,execution_environment,base_url,timeout_seconds,concurrency,execution_strategy,retry_enabled,max_retry_attempts,retry_delay_ms,notify_on_success,notify_on_failure,notification_recipients,skip_if_previous_failed,max_duration_seconds,is_enabled,is_deleted,total_executions,successful_executions,failed_executions,skipped_executions,next_trigger_time,last_execution_time,last_execution_status,created_by,created_at,updated_by,updated_at,deleted_by,deleted_at FROM ScheduledTestTasks WHERE (is_deleted = ? AND created_by = ?) ORDER BY created_at DESC LIMIT 10 OFFSET 0
2026-02-25 15:05:24.352 [http-nio-8080-exec-2] DEBUG c.v.iatms.mappers.ScheduledTaskMapper.selectList - ==> Parameters: false(Boolean), 1(Integer)
2026-02-25 15:05:24.358 [http-nio-8080-exec-2] DEBUG c.v.iatms.mappers.ScheduledTaskMapper.selectList - <==      Total: 1
2026-02-25 15:05:32.790 [http-nio-8080-exec-1] DEBUG c.v.iatms.mappers.ProjectMapper.selectProjectList - ==>  Preparing: SELECT p.project_id, p.name, p.description, p.project_code, p.project_type, p.status, p.avatar_url, p.created_at, p.updated_at, p.is_deleted, p.deleted_at, u.user_id AS creator_id, u.name AS creator_name, u.avatar_url AS creator_avatar_url FROM Projects p LEFT JOIN Users u ON p.creator_id = u.user_id WHERE p.is_deleted = FALSE ORDER BY p.created_at DESC LIMIT ? OFFSET ?
2026-02-25 15:05:32.790 [http-nio-8080-exec-1] DEBUG c.v.iatms.mappers.ProjectMapper.selectProjectList - ==> Parameters: 10(Integer), 0(Integer)
2026-02-25 15:05:32.797 [http-nio-8080-exec-1] DEBUG c.v.iatms.mappers.ProjectMapper.selectProjectList - <==      Total: 10
2026-02-25 15:05:32.797 [http-nio-8080-exec-4] DEBUG c.v.iatms.mappers.ScheduledTaskMapper.selectCount - ==>  Preparing: SELECT COUNT( * ) AS total FROM ScheduledTestTasks WHERE (is_deleted = ? AND created_by = ?)
2026-02-25 15:05:32.798 [http-nio-8080-exec-4] DEBUG c.v.iatms.mappers.ScheduledTaskMapper.selectCount - ==> Parameters: false(Boolean), 1(Integer)
2026-02-25 15:05:32.799 [http-nio-8080-exec-4] DEBUG c.v.iatms.mappers.ScheduledTaskMapper.selectCount - <==      Total: 1
2026-02-25 15:05:32.800 [http-nio-8080-exec-1] DEBUG c.victor.iatms.mappers.ProjectMapper.countProjects - ==>  Preparing: SELECT COUNT(*) FROM Projects p WHERE p.is_deleted = FALSE
2026-02-25 15:05:32.800 [http-nio-8080-exec-1] DEBUG c.victor.iatms.mappers.ProjectMapper.countProjects - ==> Parameters: 
2026-02-25 15:05:32.802 [http-nio-8080-exec-1] DEBUG c.victor.iatms.mappers.ProjectMapper.countProjects - <==      Total: 1
2026-02-25 15:05:32.802 [http-nio-8080-exec-4] DEBUG c.v.iatms.mappers.ScheduledTaskMapper.selectList - ==>  Preparing: SELECT task_id,task_name,description,task_type,target_id,target_name,trigger_type,cron_expression,simple_repeat_interval,simple_repeat_count,daily_hour,daily_minute,weekly_days,monthly_day,execution_environment,base_url,timeout_seconds,concurrency,execution_strategy,retry_enabled,max_retry_attempts,retry_delay_ms,notify_on_success,notify_on_failure,notification_recipients,skip_if_previous_failed,max_duration_seconds,is_enabled,is_deleted,total_executions,successful_executions,failed_executions,skipped_executions,next_trigger_time,last_execution_time,last_execution_status,created_by,created_at,updated_by,updated_at,deleted_by,deleted_at FROM ScheduledTestTasks WHERE (is_deleted = ? AND created_by = ?) ORDER BY created_at DESC LIMIT 10 OFFSET 0
2026-02-25 15:05:32.803 [http-nio-8080-exec-4] DEBUG c.v.iatms.mappers.ScheduledTaskMapper.selectList - ==> Parameters: false(Boolean), 1(Integer)
2026-02-25 15:05:32.810 [http-nio-8080-exec-4] DEBUG c.v.iatms.mappers.ScheduledTaskMapper.selectList - <==      Total: 1
2026-02-25 15:15:07.609 [http-nio-8080-exec-3] DEBUG c.v.iatms.mappers.ScheduledTaskMapper.selectCount - ==>  Preparing: SELECT COUNT( * ) AS total FROM ScheduledTestTasks WHERE (is_deleted = ? AND created_by = ? AND trigger_type = ?)
2026-02-25 15:15:07.609 [http-nio-8080-exec-3] DEBUG c.v.iatms.mappers.ScheduledTaskMapper.selectCount - ==> Parameters: false(Boolean), 1(Integer), daily(String)
2026-02-25 15:15:07.612 [http-nio-8080-exec-3] DEBUG c.v.iatms.mappers.ScheduledTaskMapper.selectCount - <==      Total: 1
2026-02-25 15:15:07.614 [http-nio-8080-exec-3] DEBUG c.v.iatms.mappers.ScheduledTaskMapper.selectList - ==>  Preparing: SELECT task_id,task_name,description,task_type,target_id,target_name,trigger_type,cron_expression,simple_repeat_interval,simple_repeat_count,daily_hour,daily_minute,weekly_days,monthly_day,execution_environment,base_url,timeout_seconds,concurrency,execution_strategy,retry_enabled,max_retry_attempts,retry_delay_ms,notify_on_success,notify_on_failure,notification_recipients,skip_if_previous_failed,max_duration_seconds,is_enabled,is_deleted,total_executions,successful_executions,failed_executions,skipped_executions,next_trigger_time,last_execution_time,last_execution_status,created_by,created_at,updated_by,updated_at,deleted_by,deleted_at FROM ScheduledTestTasks WHERE (is_deleted = ? AND created_by = ? AND trigger_type = ?) ORDER BY created_at DESC LIMIT 10 OFFSET 0
2026-02-25 15:15:07.615 [http-nio-8080-exec-3] DEBUG c.v.iatms.mappers.ScheduledTaskMapper.selectList - ==> Parameters: false(Boolean), 1(Integer), daily(String)
2026-02-25 15:15:07.617 [http-nio-8080-exec-3] DEBUG c.v.iatms.mappers.ScheduledTaskMapper.selectList - <==      Total: 0
2026-02-25 15:15:09.936 [http-nio-8080-exec-5] DEBUG c.v.iatms.mappers.ScheduledTaskMapper.selectCount - ==>  Preparing: SELECT COUNT( * ) AS total FROM ScheduledTestTasks WHERE (is_deleted = ? AND created_by = ?)
2026-02-25 15:15:09.936 [http-nio-8080-exec-5] DEBUG c.v.iatms.mappers.ScheduledTaskMapper.selectCount - ==> Parameters: false(Boolean), 1(Integer)
2026-02-25 15:15:09.938 [http-nio-8080-exec-5] DEBUG c.v.iatms.mappers.ScheduledTaskMapper.selectCount - <==      Total: 1
2026-02-25 15:15:09.941 [http-nio-8080-exec-5] DEBUG c.v.iatms.mappers.ScheduledTaskMapper.selectList - ==>  Preparing: SELECT task_id,task_name,description,task_type,target_id,target_name,trigger_type,cron_expression,simple_repeat_interval,simple_repeat_count,daily_hour,daily_minute,weekly_days,monthly_day,execution_environment,base_url,timeout_seconds,concurrency,execution_strategy,retry_enabled,max_retry_attempts,retry_delay_ms,notify_on_success,notify_on_failure,notification_recipients,skip_if_previous_failed,max_duration_seconds,is_enabled,is_deleted,total_executions,successful_executions,failed_executions,skipped_executions,next_trigger_time,last_execution_time,last_execution_status,created_by,created_at,updated_by,updated_at,deleted_by,deleted_at FROM ScheduledTestTasks WHERE (is_deleted = ? AND created_by = ?) ORDER BY created_at DESC LIMIT 10 OFFSET 0
2026-02-25 15:15:09.941 [http-nio-8080-exec-5] DEBUG c.v.iatms.mappers.ScheduledTaskMapper.selectList - ==> Parameters: false(Boolean), 1(Integer)
2026-02-25 15:15:09.944 [http-nio-8080-exec-5] DEBUG c.v.iatms.mappers.ScheduledTaskMapper.selectList - <==      Total: 1
